<?xml version="1.0" encoding="UTF-8"?>
<!-- Generated by org.testng.reporters.JUnitXMLReporter -->
<testsuite ignored="1" hostname="DESKTOP-B8KD7OC" failures="0" tests="1" name="Default test" time="74.092" errors="0" timestamp="14 May 2022 12:18:24 GMT">
  <testcase classname="Tests.AppstoreTests" name="Make_Sure_That_User_Can_Navigate_To_Education_Screen_Correctly" time="71.702"/>
  <testcase classname="Tests.AppstoreTests" name="Make_Sure_That_User_Can_Navigate_To_APPS_Screen_Correctly" time="0.0">
    <ignored/>
  </testcase> <!-- Make_Sure_That_User_Can_Navigate_To_APPS_Screen_Correctly -->
</testsuite> <!-- Default test -->
