<?xml version="1.0" encoding="UTF-8"?>
<testng-results ignored="1" total="2" passed="1" failed="0" skipped="0">
  <reporter-output>
  </reporter-output>
  <suite started-at="2022-05-14T12:17:09Z" name="Default suite" finished-at="2022-05-14T12:18:23Z" duration-ms="74092">
    <groups>
    </groups>
    <test started-at="2022-05-14T12:17:09Z" name="Default test" finished-at="2022-05-14T12:18:23Z" duration-ms="74092">
      <class name="Tests.AppstoreTests">
        <test-method signature="Make_Sure_That_User_Can_Navigate_To_Education_Screen_Correctly()[pri:2, instance:Tests.AppstoreTests@6676f6a0]" started-at="2022-05-14T12:17:11Z" name="Make_Sure_That_User_Can_Navigate_To_Education_Screen_Correctly" finished-at="2022-05-14T12:18:23Z" duration-ms="71702" status="PASS">
          <reporter-output>
          </reporter-output>
        </test-method> <!-- Make_Sure_That_User_Can_Navigate_To_Education_Screen_Correctly -->
        <test-method is-config="true" signature="takeScreenShot(org.testng.ITestResult)[pri:0, instance:Tests.AppstoreTests@6676f6a0]" started-at="2022-05-14T12:18:23Z" name="takeScreenShot" finished-at="2022-05-14T12:18:23Z" duration-ms="12" status="PASS">
          <params>
            <param index="0">
              <value>
                <![CDATA[[TestResult name=Make_Sure_That_User_Can_Navigate_To_Education_Screen_Correctly status=SUCCESS method=AppstoreTests.Make_Sure_That_User_Can_Navigate_To_Education_Screen_Correctly()[pri:2, instance:Tests.AppstoreTests@6676f6a0] output={null}]]]>
              </value>
            </param>
          </params>
          <reporter-output>
          </reporter-output>
        </test-method> <!-- takeScreenShot -->
      </class> <!-- Tests.AppstoreTests -->
    </test> <!-- Default test -->
  </suite> <!-- Default suite -->
</testng-results>
